16:29:07.687 [main] INFO  testcase.TC005_CheckoutTest - **** Starting TC005_CheckoutTest ****
16:29:39.627 [main] ERROR testcase.TC005_CheckoutTest - Exception during checkout: Expected condition failed: waiting for visibility of Proxy element for: DefaultElementLocator 'By.xpath: //input[@name='account' and @value='guest']'
(tried for 20 seconds with 500 milliseconds interval)
org.openqa.selenium.TimeoutException: Expected condition failed: waiting for visibility of Proxy element for: DefaultElementLocator 'By.xpath: //input[@name='account' and @value='guest']'
(tried for 20 seconds with 500 milliseconds interval)
	at org.openqa.selenium.support.ui.WebDriverWait.timeoutException(WebDriverWait.java:85) ~[selenium-support-4.41.0.jar:?]
	at org.openqa.selenium.support.ui.FluentWait.until(FluentWait.java:233) ~[selenium-support-4.41.0.jar:?]
	at pageObjects.CheckoutPage.selectGuestCheckoutAndFillDetails(CheckoutPage.java:83) ~[test-classes/:?]
	at testcase.TC005_CheckoutTest.test_checkout(TC005_CheckoutTest.java:45) ~[test-classes/:?]
	at java.base/jdk.internal.reflect.DirectMethodHandleAccessor.invoke(DirectMethodHandleAccessor.java:103) ~[?:?]
	at java.base/java.lang.reflect.Method.invoke(Method.java:580) ~[?:?]
	at org.testng.internal.invokers.MethodInvocationHelper.invokeMethod(MethodInvocationHelper.java:141) ~[testng-7.12.0.jar:7.12.0]
	at org.testng.internal.invokers.TestInvoker.invokeMethod(TestInvoker.java:697) ~[testng-7.12.0.jar:7.12.0]
	at org.testng.internal.invokers.TestInvoker.invokeTestMethod(TestInvoker.java:230) ~[testng-7.12.0.jar:7.12.0]
	at org.testng.internal.invokers.MethodRunner.runInSequence(MethodRunner.java:63) ~[testng-7.12.0.jar:7.12.0]
	at org.testng.internal.invokers.TestInvoker$MethodInvocationAgent.invoke(TestInvoker.java:1005) ~[testng-7.12.0.jar:7.12.0]
	at org.testng.internal.invokers.TestInvoker.invokeTestMethods(TestInvoker.java:203) ~[testng-7.12.0.jar:7.12.0]
	at org.testng.internal.invokers.TestMethodWorker.invokeTestMethods(TestMethodWorker.java:154) ~[testng-7.12.0.jar:7.12.0]
	at org.testng.internal.invokers.TestMethodWorker.run(TestMethodWorker.java:134) ~[testng-7.12.0.jar:7.12.0]
	at java.base/java.util.ArrayList.forEach(ArrayList.java:1596) [?:?]
	at org.testng.TestRunner.privateRun(TestRunner.java:744) [testng-7.12.0.jar:7.12.0]
	at org.testng.TestRunner.run(TestRunner.java:616) [testng-7.12.0.jar:7.12.0]
	at org.testng.SuiteRunner.runTest(SuiteRunner.java:421) [testng-7.12.0.jar:7.12.0]
	at org.testng.SuiteRunner.runSequentially(SuiteRunner.java:413) [testng-7.12.0.jar:7.12.0]
	at org.testng.SuiteRunner.privateRun(SuiteRunner.java:373) [testng-7.12.0.jar:7.12.0]
	at org.testng.SuiteRunner.run(SuiteRunner.java:312) [testng-7.12.0.jar:7.12.0]
	at org.testng.SuiteRunnerWorker.runSuite(SuiteRunnerWorker.java:52) [testng-7.12.0.jar:7.12.0]
	at org.testng.SuiteRunnerWorker.run(SuiteRunnerWorker.java:95) [testng-7.12.0.jar:7.12.0]
	at org.testng.TestNG.runSuitesSequentially(TestNG.java:1274) [testng-7.12.0.jar:7.12.0]
	at org.testng.TestNG.runSuitesLocally(TestNG.java:1208) [testng-7.12.0.jar:7.12.0]
	at org.testng.TestNG.runSuites(TestNG.java:1112) [testng-7.12.0.jar:7.12.0]
	at org.testng.TestNG.run(TestNG.java:1079) [testng-7.12.0.jar:7.12.0]
	at org.testng.remote.AbstractRemoteTestNG.run(AbstractRemoteTestNG.java:115) [testng-remote.jar:?]
	at org.testng.remote.RemoteTestNG.initAndRun(RemoteTestNG.java:293) [testng-remote.jar:?]
	at org.testng.remote.RemoteTestNG.main(RemoteTestNG.java:91) [testng-remote.jar:?]
Caused by: org.openqa.selenium.NoSuchElementException: no such element: Unable to locate element: {"method":"xpath","selector":"//input[@name='account' and @value='guest']"}
  (Session info: MicrosoftEdge=148.0.3967.54)
For documentation on this error, please visit: https://www.selenium.dev/documentation/webdriver/troubleshooting/errors#nosuchelementexception
Build info: version: '4.41.0', revision: '9fc754f'
System info: os.name: 'Windows 11', os.arch: 'amd64', os.version: '10.0', java.version: '21.0.10'
Driver info: org.openqa.selenium.edge.EdgeDriver
Command: [3824fca30518709c99a916bcc619dd74, findElement {value=//input[@name='account' and @value='guest'], using=xpath}]
Capabilities {acceptInsecureCerts: false, browserName: MicrosoftEdge, browserVersion: 148.0.3967.54, fedcm:accounts: true, goog:processID: 18008, ms:edgeOptions: {debuggerAddress: localhost:58735}, msedge: {msedgedriverVersion: 148.0.3967.54 (c994e204927e..., userDataDir: C:\Users\hp\AppData\Local\T...}, networkConnectionEnabled: false, pageLoadStrategy: normal, platformName: windows, proxy: Proxy(), se:cdp: ws://localhost:58735/devtoo..., se:cdpVersion: 148.0.3967.54, setWindowRect: true, strictFileInteractability: false, timeouts: {implicit: 0, pageLoad: 300000, script: 30000}, unhandledPromptBehavior: dismiss and notify, webauthn:extension:credBlob: true, webauthn:extension:largeBlob: true, webauthn:extension:minPinLength: true, webauthn:extension:prf: true, webauthn:virtualAuthenticators: true}
Session ID: 3824fca30518709c99a916bcc619dd74
	at org.openqa.selenium.remote.ErrorCodec.decode(ErrorCodec.java:169) ~[selenium-remote-driver-4.41.0.jar:?]
	at org.openqa.selenium.remote.codec.w3c.W3CHttpResponseCodec.decode(W3CHttpResponseCodec.java:142) ~[selenium-remote-driver-4.41.0.jar:?]
	at org.openqa.selenium.remote.codec.w3c.W3CHttpResponseCodec.decode(W3CHttpResponseCodec.java:49) ~[selenium-remote-driver-4.41.0.jar:?]
	at org.openqa.selenium.remote.HttpCommandExecutor.execute(HttpCommandExecutor.java:223) ~[selenium-remote-driver-4.41.0.jar:?]
	at org.openqa.selenium.remote.service.DriverCommandExecutor.invokeExecute(DriverCommandExecutor.java:216) ~[selenium-remote-driver-4.41.0.jar:?]
	at org.openqa.selenium.remote.service.DriverCommandExecutor.execute(DriverCommandExecutor.java:174) ~[selenium-remote-driver-4.41.0.jar:?]
	at org.openqa.selenium.remote.RemoteWebDriver.execute(RemoteWebDriver.java:604) ~[selenium-remote-driver-4.41.0.jar:?]
	at org.openqa.selenium.remote.ElementLocation$ElementFinder$2.findElement(ElementLocation.java:166) ~[selenium-remote-driver-4.41.0.jar:?]
	at org.openqa.selenium.remote.ElementLocation.findElement(ElementLocation.java:60) ~[selenium-remote-driver-4.41.0.jar:?]
	at org.openqa.selenium.remote.RemoteWebDriver.findElement(RemoteWebDriver.java:427) ~[selenium-remote-driver-4.41.0.jar:?]
	at org.openqa.selenium.remote.RemoteWebDriver.findElement(RemoteWebDriver.java:421) ~[selenium-remote-driver-4.41.0.jar:?]
	at org.openqa.selenium.support.pagefactory.DefaultElementLocator.findElement(DefaultElementLocator.java:68) ~[selenium-support-4.41.0.jar:?]
	at org.openqa.selenium.support.pagefactory.internal.LocatingElementHandler.invoke(LocatingElementHandler.java:38) ~[selenium-support-4.41.0.jar:?]
	at jdk.proxy2/jdk.proxy2.$Proxy31.isDisplayed(Unknown Source) ~[?:?]
	at org.openqa.selenium.support.ui.ExpectedConditions.elementIfVisible(ExpectedConditions.java:365) ~[selenium-support-4.41.0.jar:?]
	at org.openqa.selenium.support.ui.ExpectedConditions$10.apply(ExpectedConditions.java:351) ~[selenium-support-4.41.0.jar:?]
	at org.openqa.selenium.support.ui.ExpectedConditions$10.apply(ExpectedConditions.java:348) ~[selenium-support-4.41.0.jar:?]
	at org.openqa.selenium.support.ui.FluentWait.until(FluentWait.java:209) ~[selenium-support-4.41.0.jar:?]
	... 28 more
