23:31:41.208 [main] INFO  testcase.TC001_AccountRegistrationTest - ****Starting TC001_AccountRegistrationTest****
23:31:41.476 [main] INFO  testcase.TC001_AccountRegistrationTest - Clicked on MyAccount Link ...
23:31:42.139 [main] INFO  testcase.TC001_AccountRegistrationTest - Clicked on Register Link...
23:31:42.150 [main] INFO  testcase.TC001_AccountRegistrationTest - Providing customer data for registration...
23:31:43.435 [main] INFO  testcase.TC001_AccountRegistrationTest - Validating account registration confirmstion message...
23:31:45.746 [main] INFO  testcase.TC001_AccountRegistrationTest - ****Finish TC001_AccountRegistrationTest****
23:31:48.977 [main] INFO  testcase.TC002_LoginTest - ****Starting TC002_LoginTest****
23:31:49.185 [main] INFO  testcase.TC002_LoginTest - Clicked on MyAccount Link ...
23:31:49.550 [main] INFO  testcase.TC002_LoginTest - Clicked on login Link...
23:31:51.587 [main] INFO  testcase.TC002_LoginTest - ****Finish TC001_AccountRegistrationTest****
23:35:28.374 [main] DEBUG org.testng.TestNG - suiteXmlPath: "C:\Users\hp\eclipse-workspace\OpencartvV123\master.xml"
23:35:32.774 [main] INFO  testcase.TC001_AccountRegistrationTest - ****Starting TC001_AccountRegistrationTest****
23:35:33.062 [main] INFO  testcase.TC001_AccountRegistrationTest - Clicked on MyAccount Link ...
23:35:33.656 [main] INFO  testcase.TC001_AccountRegistrationTest - Clicked on Register Link...
23:35:33.662 [main] INFO  testcase.TC001_AccountRegistrationTest - Providing customer data for registration...
23:35:37.099 [main] INFO  testcase.TC001_AccountRegistrationTest - Validating account registration confirmstion message...
23:35:37.142 [main] INFO  testcase.TC001_AccountRegistrationTest - ****Finish TC001_AccountRegistrationTest****
23:35:40.926 [main] INFO  testcase.TC002_LoginTest - ****Starting TC002_LoginTest****
23:35:41.197 [main] INFO  testcase.TC002_LoginTest - Clicked on MyAccount Link ...
23:35:41.621 [main] INFO  testcase.TC002_LoginTest - Clicked on login Link...
23:35:44.148 [main] INFO  testcase.TC002_LoginTest - ****Finish TC001_AccountRegistrationTest****
23:54:16.346 [main] DEBUG org.testng.TestNG - suiteXmlPath: "C:\Users\hp\eclipse-workspace\OpencartvV123\master.xml"
23:54:22.109 [main] INFO  testcase.TC001_AccountRegistrationTest - ****Starting TC001_AccountRegistrationTest****
23:54:22.355 [main] INFO  testcase.TC001_AccountRegistrationTest - Clicked on MyAccount Link ...
23:54:22.921 [main] INFO  testcase.TC001_AccountRegistrationTest - Clicked on Register Link...
23:54:22.923 [main] INFO  testcase.TC001_AccountRegistrationTest - Providing customer data for registration...
23:54:28.687 [main] INFO  testcase.TC001_AccountRegistrationTest - Validating account registration confirmstion message...
23:54:28.753 [main] INFO  testcase.TC001_AccountRegistrationTest - ****Finish TC001_AccountRegistrationTest****
23:54:33.067 [main] INFO  testcase.TC002_LoginTest - ****Starting TC002_LoginTest****
23:54:33.282 [main] INFO  testcase.TC002_LoginTest - Clicked on MyAccount Link ...
23:54:33.708 [main] INFO  testcase.TC002_LoginTest - Clicked on login Link...
23:54:36.963 [main] INFO  testcase.TC002_LoginTest - ****Finish TC001_AccountRegistrationTest****
