12:40:09.887 [TestNG-tests-3] INFO  testcase.TC003_Datadriventest - **** Starting TC003_LoginDDTest ****
12:40:09.908 [TestNG-tests-2] DEBUG org.apache.poi.openxml4j.opc.PackageRelationshipCollection - Parsing relationship: /xl/_rels/workbook.xml.rels
12:40:09.909 [TestNG-tests-2] DEBUG org.apache.poi.openxml4j.opc.PackageRelationshipCollection - Parsing relationship: /xl/worksheets/_rels/sheet1.xml.rels
12:40:09.911 [TestNG-tests-2] DEBUG org.apache.poi.openxml4j.opc.PackageRelationshipCollection - Parsing relationship: /_rels/.rels
12:40:09.932 [TestNG-tests-2] DEBUG org.apache.poi.openxml4j.opc.PackageRelationshipCollection - Parsing relationship: /xl/_rels/workbook.xml.rels
12:40:09.941 [TestNG-tests-2] DEBUG org.apache.poi.openxml4j.opc.PackageRelationshipCollection - Parsing relationship: /xl/worksheets/_rels/sheet1.xml.rels
12:40:09.941 [TestNG-tests-2] DEBUG org.apache.poi.openxml4j.opc.PackageRelationshipCollection - Parsing relationship: /_rels/.rels
12:40:09.959 [TestNG-tests-2] INFO  testcase.TC003_Datadriventest - **** Starting TC003_LoginDDTest ****
12:40:26.346 [TestNG-tests-2] INFO  testcase.TC003_Datadriventest - **** Finished TC003_LoginDDTest ****
12:40:26.407 [TestNG-tests-2] INFO  testcase.TC003_Datadriventest - **** Starting TC003_LoginDDTest ****
12:40:27.123 [TestNG-tests-1] INFO  testcase.TC003_Datadriventest - **** Finished TC003_LoginDDTest ****
12:40:27.137 [TestNG-tests-3] INFO  testcase.TC003_Datadriventest - **** Finished TC003_LoginDDTest ****
12:40:27.147 [TestNG-tests-1] INFO  testcase.TC003_Datadriventest - **** Starting TC003_LoginDDTest ****
12:40:27.150 [TestNG-tests-3] INFO  testcase.TC003_Datadriventest - **** Starting TC003_LoginDDTest ****
12:40:34.759 [TestNG-tests-1] INFO  testcase.TC003_Datadriventest - **** Finished TC003_LoginDDTest ****
12:40:34.769 [TestNG-tests-1] INFO  testcase.TC003_Datadriventest - **** Starting TC003_LoginDDTest ****
12:40:34.914 [TestNG-tests-3] INFO  testcase.TC003_Datadriventest - **** Finished TC003_LoginDDTest ****
12:40:34.926 [TestNG-tests-3] INFO  testcase.TC003_Datadriventest - **** Starting TC003_LoginDDTest ****
12:40:34.948 [TestNG-tests-2] INFO  testcase.TC003_Datadriventest - **** Finished TC003_LoginDDTest ****
12:40:34.957 [TestNG-tests-2] INFO  testcase.TC003_Datadriventest - **** Starting TC003_LoginDDTest ****
12:40:47.322 [TestNG-tests-2] INFO  testcase.TC003_Datadriventest - **** Finished TC003_LoginDDTest ****
12:40:47.331 [TestNG-tests-2] INFO  testcase.TC003_Datadriventest - **** Starting TC003_LoginDDTest ****
12:40:47.606 [TestNG-tests-3] INFO  testcase.TC003_Datadriventest - **** Finished TC003_LoginDDTest ****
12:40:47.610 [TestNG-tests-3] INFO  testcase.TC003_Datadriventest - **** Starting TC003_LoginDDTest ****
12:40:47.815 [TestNG-tests-1] INFO  testcase.TC003_Datadriventest - **** Finished TC003_LoginDDTest ****
12:40:47.821 [TestNG-tests-1] INFO  testcase.TC003_Datadriventest - **** Starting TC003_LoginDDTest ****
12:40:50.244 [TestNG-tests-2] INFO  testcase.TC003_Datadriventest - **** Finished TC003_LoginDDTest ****
12:40:50.255 [TestNG-tests-2] INFO  testcase.TC003_Datadriventest - **** Starting TC003_LoginDDTest ****
12:40:51.208 [TestNG-tests-1] INFO  testcase.TC003_Datadriventest - **** Finished TC003_LoginDDTest ****
12:40:51.213 [TestNG-tests-1] INFO  testcase.TC003_Datadriventest - **** Starting TC003_LoginDDTest ****
12:40:51.265 [TestNG-tests-3] INFO  testcase.TC003_Datadriventest - **** Finished TC003_LoginDDTest ****
12:40:51.272 [TestNG-tests-3] INFO  testcase.TC003_Datadriventest - **** Starting TC003_LoginDDTest ****
12:41:02.036 [TestNG-tests-2] INFO  testcase.TC003_Datadriventest - **** Finished TC003_LoginDDTest ****
12:41:02.040 [TestNG-tests-2] INFO  testcase.TC003_Datadriventest - **** Starting TC003_LoginDDTest ****
12:41:02.669 [TestNG-tests-1] INFO  testcase.TC003_Datadriventest - **** Finished TC003_LoginDDTest ****
12:41:02.672 [TestNG-tests-1] INFO  testcase.TC003_Datadriventest - **** Starting TC003_LoginDDTest ****
12:41:02.912 [TestNG-tests-3] INFO  testcase.TC003_Datadriventest - **** Finished TC003_LoginDDTest ****
12:41:02.915 [TestNG-tests-3] INFO  testcase.TC003_Datadriventest - **** Starting TC003_LoginDDTest ****
12:41:07.722 [TestNG-tests-1] INFO  testcase.TC003_Datadriventest - **** Finished TC003_LoginDDTest ****
12:41:07.727 [TestNG-tests-1] INFO  testcase.TC003_Datadriventest - **** Starting TC003_LoginDDTest ****
12:41:07.815 [TestNG-tests-2] INFO  testcase.TC003_Datadriventest - **** Finished TC003_LoginDDTest ****
12:41:07.822 [TestNG-tests-2] INFO  testcase.TC003_Datadriventest - **** Starting TC003_LoginDDTest ****
12:41:08.540 [TestNG-tests-3] INFO  testcase.TC003_Datadriventest - **** Finished TC003_LoginDDTest ****
12:41:08.546 [TestNG-tests-3] INFO  testcase.TC003_Datadriventest - **** Starting TC003_LoginDDTest ****
12:41:20.749 [TestNG-tests-2] INFO  testcase.TC003_Datadriventest - **** Finished TC003_LoginDDTest ****
