16:33:12.443 [main] INFO  testcase.TC001_AccountRegistrationTest - ****Starting TC001_AccountRegistrationTest****
16:33:12.661 [main] INFO  testcase.TC001_AccountRegistrationTest - Clicked on MyAccount Link ...
16:33:13.261 [main] INFO  testcase.TC001_AccountRegistrationTest - Clicked on Register Link...
16:33:13.265 [main] INFO  testcase.TC001_AccountRegistrationTest - Providing customer data for registration...
16:33:15.559 [main] INFO  testcase.TC001_AccountRegistrationTest - Validating account registration confirmstion message...
16:33:15.616 [main] INFO  testcase.TC001_AccountRegistrationTest - ****Finish TC001_AccountRegistrationTest****
16:33:18.700 [main] INFO  testcase.TC002_LoginTest - ****Starting TC002_LoginTest****
16:33:18.967 [main] INFO  testcase.TC002_LoginTest - Clicked on MyAccount Link ...
16:33:19.808 [main] INFO  testcase.TC002_LoginTest - Clicked on login Link...
16:33:21.952 [main] INFO  testcase.TC002_LoginTest - ****Finish TC001_AccountRegistrationTest****
16:45:01.976 [main] DEBUG org.testng.TestNG - suiteXmlPath: "C:\Users\hp\eclipse-workspace\OpencartvV123\Grouping.xml"
16:45:02.440 [main] INFO  org.testng.internal.Utils - [TestNG] Running:
  C:\Users\hp\eclipse-workspace\OpencartvV123\Grouping.xml

16:45:11.640 [TestNG-tests-1] INFO  testcase.TC001_AccountRegistrationTest - ****Starting TC001_AccountRegistrationTest****
16:45:11.640 [TestNG-tests-2] INFO  testcase.TC001_AccountRegistrationTest - ****Starting TC001_AccountRegistrationTest****
16:45:13.366 [TestNG-tests-2] INFO  testcase.TC001_AccountRegistrationTest - Clicked on MyAccount Link ...
16:45:13.486 [TestNG-tests-1] INFO  testcase.TC001_AccountRegistrationTest - Clicked on MyAccount Link ...
16:45:21.676 [TestNG-tests-2] INFO  testcase.TC002_LoginTest - ****Starting TC002_LoginTest****
16:45:21.759 [TestNG-tests-1] INFO  testcase.TC002_LoginTest - ****Starting TC002_LoginTest****
16:45:22.590 [TestNG-tests-2] INFO  testcase.TC002_LoginTest - Clicked on MyAccount Link ...
16:45:22.676 [TestNG-tests-1] INFO  testcase.TC002_LoginTest - Clicked on MyAccount Link ...
16:45:27.524 [TestNG-tests-3] INFO  testcase.TC002_LoginTest - ****Starting TC002_LoginTest****
16:45:27.705 [TestNG-tests-3] INFO  testcase.TC002_LoginTest - Clicked on MyAccount Link ...
16:45:28.080 [TestNG-tests-3] INFO  testcase.TC002_LoginTest - Clicked on login Link...
16:45:29.327 [TestNG-tests-3] INFO  testcase.TC002_LoginTest - ****Finish TC001_AccountRegistrationTest****
16:48:56.623 [main] DEBUG org.testng.TestNG - suiteXmlPath: "C:\Users\hp\eclipse-workspace\OpencartvV123\test-output\testng-failed.xml"
16:48:56.891 [main] INFO  org.testng.internal.Utils - [TestNG] Running:
  C:\Users\hp\eclipse-workspace\OpencartvV123\test-output\testng-failed.xml

16:49:05.236 [TestNG-tests-1] INFO  testcase.TC001_AccountRegistrationTest - ****Starting TC001_AccountRegistrationTest****
16:49:05.429 [TestNG-tests-1] INFO  testcase.TC001_AccountRegistrationTest - Clicked on MyAccount Link ...
16:49:06.053 [TestNG-tests-1] INFO  testcase.TC001_AccountRegistrationTest - Clicked on Register Link...
16:49:06.056 [TestNG-tests-1] INFO  testcase.TC001_AccountRegistrationTest - Providing customer data for registration...
16:49:08.040 [TestNG-tests-1] INFO  testcase.TC001_AccountRegistrationTest - Validating account registration confirmstion message...
16:49:08.094 [TestNG-tests-1] INFO  testcase.TC001_AccountRegistrationTest - ****Finish TC001_AccountRegistrationTest****
17:12:10.651 [main] DEBUG org.testng.TestNG - suiteXmlPath: "C:\Users\hp\eclipse-workspace\OpencartvV123\Grouping.xml"
17:12:10.914 [main] INFO  org.testng.internal.Utils - [TestNG] Running:
  C:\Users\hp\eclipse-workspace\OpencartvV123\Grouping.xml

17:12:15.898 [TestNG-tests-1] INFO  testcase.TC001_AccountRegistrationTest - ****Starting TC001_AccountRegistrationTest****
17:12:16.324 [TestNG-tests-1] INFO  testcase.TC001_AccountRegistrationTest - Clicked on MyAccount Link ...
17:12:17.044 [TestNG-tests-1] INFO  testcase.TC001_AccountRegistrationTest - Clicked on Register Link...
17:12:17.046 [TestNG-tests-1] INFO  testcase.TC001_AccountRegistrationTest - Providing customer data for registration...
17:12:21.134 [TestNG-tests-1] INFO  testcase.TC001_AccountRegistrationTest - Validating account registration confirmstion message...
17:12:21.231 [TestNG-tests-1] INFO  testcase.TC001_AccountRegistrationTest - ****Finish TC001_AccountRegistrationTest****
17:12:25.341 [TestNG-tests-1] INFO  testcase.TC002_LoginTest - ****Starting TC002_LoginTest****
17:12:25.498 [TestNG-tests-1] INFO  testcase.TC002_LoginTest - Clicked on MyAccount Link ...
17:12:26.011 [TestNG-tests-1] INFO  testcase.TC002_LoginTest - Clicked on login Link...
17:12:28.102 [TestNG-tests-1] INFO  testcase.TC002_LoginTest - ****Finish TC001_AccountRegistrationTest****
23:31:28.765 [main] DEBUG org.testng.TestNG - suiteXmlPath: "C:\Users\hp\eclipse-workspace\OpencartvV123\master.xml"
23:31:29.120 [main] INFO  org.testng.internal.Utils - [TestNG] Running:
  C:\Users\hp\eclipse-workspace\OpencartvV123\master.xml

