19:46:55.888 [main] INFO  org.testng.internal.Utils - [TestNG] Running:
  C:\Users\hp\eclipse-workspace\OpencartvV123\master.xml

19:46:56.184 [main] ERROR testbase.BaseClass - Driver is null. Ensure the browser is initialized before capturing screenshots.
21:14:42.316 [main] DEBUG org.testng.TestNG - suiteXmlPath: "C:\Users\hp\eclipse-workspace\OpencartvV123\master.xml"
21:14:42.605 [main] INFO  org.testng.internal.Utils - [TestNG] Running:
  C:\Users\hp\eclipse-workspace\OpencartvV123\master.xml

21:14:42.889 [main] ERROR testbase.BaseClass - Driver is null. Ensure the browser is initialized before capturing screenshots.
21:19:40.942 [main] DEBUG org.testng.TestNG - suiteXmlPath: "C:\Users\hp\eclipse-workspace\OpencartvV123\master.xml"
21:19:41.189 [main] INFO  org.testng.internal.Utils - [TestNG] Running:
  C:\Users\hp\eclipse-workspace\OpencartvV123\master.xml

21:19:45.493 [main] INFO  testcase.TC002_LoginTest - **** Starting TC002_LoginTest ****
21:19:45.494 [main] INFO  testcase.TC002_LoginTest - Executing login test with user: bhavsautomation06@gmail.com
21:19:48.636 [main] INFO  testcase.TC002_LoginTest - **** Finish TC002_LoginTest ****
21:19:51.310 [main] INFO  testcase.TC002_LoginTest - **** Starting TC002_LoginTest ****
21:19:51.310 [main] INFO  testcase.TC002_LoginTest - Executing login test with user: testuser2@test.com
21:20:03.717 [main] INFO  testcase.TC002_LoginTest - Screenshot captured: C:\Users\hp\eclipse-workspace\OpencartvV123/screenshots/test_login_2026.05.18.21.20.03.png
21:20:03.717 [main] ERROR testcase.TC002_LoginTest - Exception during login: Cannot invoke "String.contains(java.lang.CharSequence)" because "warningMsg" is null. Screenshot: C:\Users\hp\eclipse-workspace\OpencartvV123/screenshots/test_login_2026.05.18.21.20.03.png
java.lang.NullPointerException: Cannot invoke "String.contains(java.lang.CharSequence)" because "warningMsg" is null
	at testcase.TC002_LoginTest.test_login(TC002_LoginTest.java:42) ~[test-classes/:?]
	at java.base/jdk.internal.reflect.DirectMethodHandleAccessor.invoke(DirectMethodHandleAccessor.java:103) ~[?:?]
	at java.base/java.lang.reflect.Method.invoke(Method.java:580) ~[?:?]
	at org.testng.internal.invokers.MethodInvocationHelper.invokeMethod(MethodInvocationHelper.java:141) ~[testng-7.12.0.jar:7.12.0]
	at org.testng.internal.invokers.TestInvoker.invokeMethod(TestInvoker.java:697) ~[testng-7.12.0.jar:7.12.0]
	at org.testng.internal.invokers.TestInvoker.invokeTestMethod(TestInvoker.java:230) ~[testng-7.12.0.jar:7.12.0]
	at org.testng.internal.invokers.MethodRunner.runInSequence(MethodRunner.java:63) ~[testng-7.12.0.jar:7.12.0]
	at org.testng.internal.invokers.TestInvoker$MethodInvocationAgent.invoke(TestInvoker.java:1005) ~[testng-7.12.0.jar:7.12.0]
	at org.testng.internal.invokers.TestInvoker.invokeTestMethods(TestInvoker.java:203) ~[testng-7.12.0.jar:7.12.0]
	at org.testng.internal.invokers.TestMethodWorker.invokeTestMethods(TestMethodWorker.java:154) ~[testng-7.12.0.jar:7.12.0]
	at org.testng.internal.invokers.TestMethodWorker.run(TestMethodWorker.java:134) ~[testng-7.12.0.jar:7.12.0]
	at java.base/java.util.ArrayList.forEach(ArrayList.java:1596) [?:?]
	at org.testng.TestRunner.privateRun(TestRunner.java:744) [testng-7.12.0.jar:7.12.0]
	at org.testng.TestRunner.run(TestRunner.java:616) [testng-7.12.0.jar:7.12.0]
	at org.testng.SuiteRunner.runTest(SuiteRunner.java:421) [testng-7.12.0.jar:7.12.0]
	at org.testng.SuiteRunner.runSequentially(SuiteRunner.java:413) [testng-7.12.0.jar:7.12.0]
	at org.testng.SuiteRunner.privateRun(SuiteRunner.java:373) [testng-7.12.0.jar:7.12.0]
	at org.testng.SuiteRunner.run(SuiteRunner.java:312) [testng-7.12.0.jar:7.12.0]
	at org.testng.SuiteRunnerWorker.runSuite(SuiteRunnerWorker.java:52) [testng-7.12.0.jar:7.12.0]
	at org.testng.SuiteRunnerWorker.run(SuiteRunnerWorker.java:95) [testng-7.12.0.jar:7.12.0]
	at org.testng.TestNG.runSuitesSequentially(TestNG.java:1274) [testng-7.12.0.jar:7.12.0]
	at org.testng.TestNG.runSuitesLocally(TestNG.java:1208) [testng-7.12.0.jar:7.12.0]
	at org.testng.TestNG.runSuites(TestNG.java:1112) [testng-7.12.0.jar:7.12.0]
	at org.testng.TestNG.run(TestNG.java:1079) [testng-7.12.0.jar:7.12.0]
	at org.testng.remote.AbstractRemoteTestNG.run(AbstractRemoteTestNG.java:115) [testng-remote.jar:?]
	at org.testng.remote.RemoteTestNG.initAndRun(RemoteTestNG.java:293) [testng-remote.jar:?]
	at org.testng.remote.RemoteTestNG.main(RemoteTestNG.java:91) [testng-remote.jar:?]
21:20:03.856 [main] INFO  testbase.BaseClass - Screenshot captured: C:\Users\hp\eclipse-workspace\OpencartvV123/screenshots/test_login_2026.05.18.21.20.03.png
21:20:07.662 [main] INFO  testcase.TC002_LoginTest - **** Starting TC002_LoginTest ****
21:20:07.662 [main] INFO  testcase.TC002_LoginTest - Executing login test with user: testuser3@test.com
21:20:23.187 [main] INFO  testcase.TC002_LoginTest - Screenshot captured: C:\Users\hp\eclipse-workspace\OpencartvV123/screenshots/test_login_2026.05.18.21.20.23.png
