09:42:33.521 [TestNG-tests-1] INFO  testcase.TC001_AccountRegistrationTest - **** Starting TC001_AccountRegistrationTest ****
09:42:34.428 [TestNG-tests-1] INFO  testcase.TC001_AccountRegistrationTest - Generated unique email: Stellasmith+17792503098121779250354428@example.com
09:42:36.530 [TestNG-tests-2] INFO  testcase.TC002_LoginTest - **** Finish TC002_LoginTest ****
09:42:36.639 [TestNG-tests-3] INFO  testcase.TC002_LoginTest - **** Starting TC002_LoginTest ****
09:42:36.640 [TestNG-tests-3] INFO  testcase.TC002_LoginTest - Executing login test with user: testuser3@test.com
09:42:39.322 [TestNG-tests-1] INFO  testcase.TC001_AccountRegistrationTest - Actual confirmation message: Your Account Has Been Created!
09:42:39.325 [TestNG-tests-1] INFO  testcase.TC001_AccountRegistrationTest - **** Finish TC001_AccountRegistrationTest ****
09:42:41.796 [TestNG-tests-1] INFO  testcase.TC002_LoginTest - **** Starting TC002_LoginTest ****
09:42:41.798 [TestNG-tests-1] INFO  testcase.TC002_LoginTest - Executing login test with user: bhavsautomation06@gmail.com
09:42:44.502 [TestNG-tests-1] INFO  testcase.TC002_LoginTest - **** Finish TC002_LoginTest ****
09:42:45.741 [TestNG-tests-2] INFO  testcase.TC002_LoginTest - **** Starting TC002_LoginTest ****
09:42:45.741 [TestNG-tests-2] INFO  testcase.TC002_LoginTest - Executing login test with user: testuser2@test.com
09:42:47.683 [TestNG-tests-1] INFO  testcase.TC002_LoginTest - **** Starting TC002_LoginTest ****
09:42:47.685 [TestNG-tests-1] INFO  testcase.TC002_LoginTest - Executing login test with user: testuser2@test.com
09:42:49.341 [TestNG-tests-3] INFO  testcase.TC002_LoginTest - **** Finish TC002_LoginTest ****
09:42:57.127 [TestNG-tests-3] INFO  testcase.TC004_AddToCartTest - **** Starting TC004_AddToCartTest ****
09:42:59.057 [TestNG-tests-2] INFO  testcase.TC002_LoginTest - **** Finish TC002_LoginTest ****
09:42:59.321 [TestNG-tests-1] INFO  testcase.TC002_LoginTest - **** Finish TC002_LoginTest ****
09:43:01.417 [TestNG-tests-1] INFO  testcase.TC002_LoginTest - **** Starting TC002_LoginTest ****
09:43:01.417 [TestNG-tests-1] INFO  testcase.TC002_LoginTest - Executing login test with user: testuser3@test.com
09:43:07.584 [TestNG-tests-2] INFO  testcase.TC002_LoginTest - **** Starting TC002_LoginTest ****
09:43:07.584 [TestNG-tests-2] INFO  testcase.TC002_LoginTest - Executing login test with user: testuser3@test.com
09:43:15.192 [TestNG-tests-1] INFO  testcase.TC002_LoginTest - **** Finish TC002_LoginTest ****
09:43:19.245 [TestNG-tests-2] INFO  testcase.TC002_LoginTest - **** Finish TC002_LoginTest ****
09:43:22.170 [TestNG-tests-1] INFO  testcase.TC004_AddToCartTest - **** Starting TC004_AddToCartTest ****
09:43:29.309 [TestNG-tests-3] INFO  testbase.BaseClass - Screenshot captured: C:\Users\hp\eclipse-workspace\OpencartvV123/screenshots/test_addToCart_2026.05.20.09.43.29.png
09:43:44.253 [TestNG-tests-2] INFO  testcase.TC004_AddToCartTest - **** Starting TC004_AddToCartTest ****
09:43:54.403 [TestNG-tests-1] INFO  testbase.BaseClass - Screenshot captured: C:\Users\hp\eclipse-workspace\OpencartvV123/screenshots/test_addToCart_2026.05.20.09.43.54.png
09:44:16.263 [TestNG-tests-2] INFO  testbase.BaseClass - Screenshot captured: C:\Users\hp\eclipse-workspace\OpencartvV123/screenshots/test_addToCart_2026.05.20.09.44.16.png
09:51:58.271 [main] DEBUG org.testng.TestNG - suiteXmlPath: "C:\Users\hp\eclipse-workspace\OpencartvV123\master.xml"
09:51:58.528 [main] INFO  org.testng.internal.Utils - [TestNG] Running:
  C:\Users\hp\eclipse-workspace\OpencartvV123\master.xml

09:52:01.186 [main] INFO  testcase.TC004_AddToCartTest - **** Starting TC004_AddToCartTest ****
09:52:03.547 [main] INFO  testbase.BaseClass - Screenshot captured: C:\Users\hp\eclipse-workspace\OpencartvV123/screenshots/test_addToCart_2026.05.20.09.52.03.png
09:54:49.077 [main] DEBUG org.testng.TestNG - suiteXmlPath: "C:\Users\hp\eclipse-workspace\OpencartvV123\master.xml"
09:54:49.313 [main] INFO  org.testng.internal.Utils - [TestNG] Running:
  C:\Users\hp\eclipse-workspace\OpencartvV123\master.xml

09:54:52.071 [main] INFO  testcase.TC004_AddToCartTest - **** Starting TC004_AddToCartTest ****
09:55:24.013 [main] INFO  testbase.BaseClass - Screenshot captured: C:\Users\hp\eclipse-workspace\OpencartvV123/screenshots/test_addToCart_2026.05.20.09.55.23.png
09:57:09.682 [main] DEBUG org.testng.TestNG - suiteXmlPath: "C:\Users\hp\eclipse-workspace\OpencartvV123\master.xml"
09:57:09.965 [main] INFO  org.testng.internal.Utils - [TestNG] Running:
  C:\Users\hp\eclipse-workspace\OpencartvV123\master.xml

09:57:12.994 [main] INFO  testcase.TC004_AddToCartTest - **** Starting TC004_AddToCartTest ****
09:58:07.951 [main] INFO  testbase.BaseClass - Screenshot captured: C:\Users\hp\eclipse-workspace\OpencartvV123/screenshots/test_addToCart_2026.05.20.09.58.07.png
09:59:27.322 [main] DEBUG org.testng.TestNG - suiteXmlPath: "C:\Users\hp\eclipse-workspace\OpencartvV123\master.xml"
